<html>
<head>
<title>TestNG:  Default test</title>
<link href="../testng.css" rel="stylesheet" type="text/css" />
<link href="../my-testng.css" rel="stylesheet" type="text/css" />

<style type="text/css">
.log { display: none;} 
.stack-trace { display: none;} 
</style>
<script type="text/javascript">
<!--
function flip(e) {
  current = e.style.display;
  if (current == 'block') {
    e.style.display = 'none';
    return 0;
  }
  else {
    e.style.display = 'block';
    return 1;
  }
}

function toggleBox(szDivId, elem, msg1, msg2)
{
  var res = -1;  if (document.getElementById) {
    res = flip(document.getElementById(szDivId));
  }
  else if (document.all) {
    // this is the way old msie versions work
    res = flip(document.all[szDivId]);
  }
  if(elem) {
    if(res == 0) elem.innerHTML = msg1; else elem.innerHTML = msg2;
  }

}

function toggleAllBoxes() {
  if (document.getElementsByTagName) {
    d = document.getElementsByTagName('div');
    for (i = 0; i < d.length; i++) {
      if (d[i].className == 'log') {
        flip(d[i]);
      }
    }
  }
}

// -->
</script>

</head>
<body>
<h2 align='center'>Default test</h2><table border='1' align="center">
<tr>
<td>Tests passed/Failed/Skipped:</td><td>14/1/0</td>
</tr><tr>
<td>Started on:</td><td>Wed Jun 21 01:11:26 IST 2023</td>
</tr>
<tr><td>Total time:</td><td>32 seconds (32598 ms)</td>
</tr><tr>
<td>Included groups:</td><td></td>
</tr><tr>
<td>Excluded groups:</td><td></td>
</tr>
</table><p/>
<small><i>(Hover the method name to see the test class name)</i></small><p/>
<table width='100%' border='1' class='invocation-failed'>
<tr><td colspan='4' align='center'><b>FAILED TESTS</b></td></tr>
<tr><td><b>Test method</b></td>
<td width="30%"><b>Exception</b></td>
<td width="10%"><b>Time (seconds)</b></td>
<td><b>Instance</b></td>
</tr>
<tr>
<td title='Atmosol.LoginTest.AllProduct()'><b>AllProduct</b><br>Test class: Atmosol.LoginTest<br>Test method: List of All Product</td>
<td><div><pre>org.openqa.selenium.StaleElementReferenceException: stale element reference: stale element not found
  (Session info: chrome=114.0.5735.110)
For documentation on this error, please visit: https://selenium.dev/exceptions/#stale_element_reference
Build info: version: &apos;4.9.0&apos;, revision: &apos;d7057100a6&apos;
System info: os.name: &apos;Windows 11&apos;, os.arch: &apos;amd64&apos;, os.version: &apos;10.0&apos;, java.version: &apos;20&apos;
Driver info: org.openqa.selenium.chrome.ChromeDriver
Command: [d8c379d43bf1e3fe3b5fd11f2f9d95a3, getElementText {id=558F6E8EC9FF024E47E43F94265CCAB4_element_29}]
Capabilities {acceptInsecureCerts: true, browserName: chrome, browserVersion: 114.0.5735.110, chrome: {chromedriverVersion: 114.0.5735.90 (386bc09e8f4f..., userDataDir: C:\Users\Admin\AppData\Loca...}, goog:chromeOptions: {debuggerAddress: localhost:59554}, networkConnectionEnabled: false, pageLoadStrategy: normal, platformName: WINDOWS, proxy: Proxy(), se:cdp: ws://localhost:59554/devtoo..., se:cdpVersion: 114.0.5735.110, setWindowRect: true, strictFileInteractability: false, timeouts: {implicit: 0, pageLoad: 300000, script: 30000}, unhandledPromptBehavior: dismiss and notify, webauthn:extension:credBlob: true, webauthn:extension:largeBlob: true, webauthn:extension:minPinLength: true, webauthn:extension:prf: true, webauthn:virtualAuthenticators: true}
Element: [[ChromeDriver: chrome on WINDOWS (d8c379d43bf1e3fe3b5fd11f2f9d95a3)] -&gt; css selector: [class=&apos;inventory_item_name&apos;]]
Session ID: d8c379d43bf1e3fe3b5fd11f2f9d95a3
	at java.base/jdk.internal.reflect.DirectConstructorHandleAccessor.newInstance(DirectConstructorHandleAccessor.java:67)
	at java.base/java.lang.reflect.Constructor.newInstanceWithCaller(Constructor.java:500)
	at java.base/java.lang.reflect.Constructor.newInstance(Constructor.java:484)
	at org.openqa.selenium.remote.codec.w3c.W3CHttpResponseCodec.createException(W3CHttpResponseCodec.java:200)
	at org.openqa.selenium.remote.codec.w3c.W3CHttpResponseCodec.decode(W3CHttpResponseCodec.java:133)
	at org.openqa.selenium.remote.codec.w3c.W3CHttpResponseCodec.decode(W3CHttpResponseCodec.java:53)
	at org.openqa.selenium.remote.HttpCommandExecutor.execute(HttpCommandExecutor.java:193)
	at org.openqa.selenium.remote.service.DriverCommandExecutor.invokeExecute(DriverCommandExecutor.java:183)
	at org.openqa.selenium.remote.service.DriverCommandExecutor.execute(DriverCommandExecutor.java:158)
	at org.openqa.selenium.remote.RemoteWebDriver.execute(RemoteWebDriver.java:543)
	at org.openqa.selenium.remote.RemoteWebElement.execute(RemoteWebElement.java:257)
	at org.openqa.selenium.remote.RemoteWebElement.getText(RemoteWebElement.java:207)
	at com.atmosol.pages.SaucedemoProductPage.VerifyListProduct(SaucedemoProductPage.java:84)
	at Atmosol.LoginTest.AllProduct(LoginTest.java:99)
	at java.base/jdk.internal.reflect.DirectMethodHandleAccessor.invoke(DirectMethodHandleAccessor.java:104)
	at java.base/java.lang.reflect.Method.invoke(Method.java:578)
	at org.testng.internal.MethodInvocationHelper.invokeMethod(MethodInvocationHelper.java:133)
	at org.testng.internal.TestInvoker.invokeMethod(TestInvoker.java:598)
	at org.testng.internal.TestInvoker.invokeTestMethod(TestInvoker.java:173)
	at org.testng.internal.MethodRunner.runInSequence(MethodRunner.java:46)
	at org.testng.internal.TestInvoker$MethodInvocationAgent.invoke(TestInvoker.java:824)
	at org.testng.internal.TestInvoker.invokeTestMethods(TestInvoker.java:146)
	at org.testng.internal.TestMethodWorker.invokeTestMethods(TestMethodWorker.java:146)
	at org.testng.internal.TestMethodWorker.run(TestMethodWorker.java:128)
	at java.base/java.util.ArrayList.forEach(ArrayList.java:1511)
	at org.testng.TestRunner.privateRun(TestRunner.java:794)
	at org.testng.TestRunner.run(TestRunner.java:596)
	at org.testng.SuiteRunner.runTest(SuiteRunner.java:377)
	at org.testng.SuiteRunner.runSequentially(SuiteRunner.java:371)
	at org.testng.SuiteRunner.privateRun(SuiteRunner.java:332)
	at org.testng.SuiteRunner.run(SuiteRunner.java:276)
	at org.testng.SuiteRunnerWorker.runSuite(SuiteRunnerWorker.java:53)
	at org.testng.SuiteRunnerWorker.run(SuiteRunnerWorker.java:96)
	at org.testng.TestNG.runSuitesSequentially(TestNG.java:1212)
	at org.testng.TestNG.runSuitesLocally(TestNG.java:1134)
	at org.testng.TestNG.runSuites(TestNG.java:1063)
	at org.testng.TestNG.run(TestNG.java:1031)
	at org.testng.remote.AbstractRemoteTestNG.run(AbstractRemoteTestNG.java:115)
	at org.testng.remote.RemoteTestNG.initAndRun(RemoteTestNG.java:251)
	at org.testng.remote.RemoteTestNG.main(RemoteTestNG.java:77)
</pre></div><a href='#' onClick='toggleBox("stack-trace708004780", this, "Click to show all stack frames", "Click to hide stack frames")'>Click to show all stack frames</a>
<div class='stack-trace' id='stack-trace708004780'><pre>org.openqa.selenium.StaleElementReferenceException: stale element reference: stale element not found
  (Session info: chrome=114.0.5735.110)
For documentation on this error, please visit: https://selenium.dev/exceptions/#stale_element_reference
Build info: version: &apos;4.9.0&apos;, revision: &apos;d7057100a6&apos;
System info: os.name: &apos;Windows 11&apos;, os.arch: &apos;amd64&apos;, os.version: &apos;10.0&apos;, java.version: &apos;20&apos;
Driver info: org.openqa.selenium.chrome.ChromeDriver
Command: [d8c379d43bf1e3fe3b5fd11f2f9d95a3, getElementText {id=558F6E8EC9FF024E47E43F94265CCAB4_element_29}]
Capabilities {acceptInsecureCerts: true, browserName: chrome, browserVersion: 114.0.5735.110, chrome: {chromedriverVersion: 114.0.5735.90 (386bc09e8f4f..., userDataDir: C:\Users\Admin\AppData\Loca...}, goog:chromeOptions: {debuggerAddress: localhost:59554}, networkConnectionEnabled: false, pageLoadStrategy: normal, platformName: WINDOWS, proxy: Proxy(), se:cdp: ws://localhost:59554/devtoo..., se:cdpVersion: 114.0.5735.110, setWindowRect: true, strictFileInteractability: false, timeouts: {implicit: 0, pageLoad: 300000, script: 30000}, unhandledPromptBehavior: dismiss and notify, webauthn:extension:credBlob: true, webauthn:extension:largeBlob: true, webauthn:extension:minPinLength: true, webauthn:extension:prf: true, webauthn:virtualAuthenticators: true}
Element: [[ChromeDriver: chrome on WINDOWS (d8c379d43bf1e3fe3b5fd11f2f9d95a3)] -&gt; css selector: [class=&apos;inventory_item_name&apos;]]
Session ID: d8c379d43bf1e3fe3b5fd11f2f9d95a3
	at java.base/jdk.internal.reflect.DirectConstructorHandleAccessor.newInstance(DirectConstructorHandleAccessor.java:67)
	at java.base/java.lang.reflect.Constructor.newInstanceWithCaller(Constructor.java:500)
	at java.base/java.lang.reflect.Constructor.newInstance(Constructor.java:484)
	at org.openqa.selenium.remote.codec.w3c.W3CHttpResponseCodec.createException(W3CHttpResponseCodec.java:200)
	at org.openqa.selenium.remote.codec.w3c.W3CHttpResponseCodec.decode(W3CHttpResponseCodec.java:133)
	at org.openqa.selenium.remote.codec.w3c.W3CHttpResponseCodec.decode(W3CHttpResponseCodec.java:53)
	at org.openqa.selenium.remote.HttpCommandExecutor.execute(HttpCommandExecutor.java:193)
	at org.openqa.selenium.remote.service.DriverCommandExecutor.invokeExecute(DriverCommandExecutor.java:183)
	at org.openqa.selenium.remote.service.DriverCommandExecutor.execute(DriverCommandExecutor.java:158)
	at org.openqa.selenium.remote.RemoteWebDriver.execute(RemoteWebDriver.java:543)
	at org.openqa.selenium.remote.RemoteWebElement.execute(RemoteWebElement.java:257)
	at org.openqa.selenium.remote.RemoteWebElement.getText(RemoteWebElement.java:207)
	at com.atmosol.pages.SaucedemoProductPage.VerifyListProduct(SaucedemoProductPage.java:84)
	at Atmosol.LoginTest.AllProduct(LoginTest.java:99)
	at java.base/jdk.internal.reflect.DirectMethodHandleAccessor.invoke(DirectMethodHandleAccessor.java:104)
	at java.base/java.lang.reflect.Method.invoke(Method.java:578)
	at org.testng.internal.MethodInvocationHelper.invokeMethod(MethodInvocationHelper.java:133)
	at org.testng.internal.TestInvoker.invokeMethod(TestInvoker.java:598)
	at org.testng.internal.TestInvoker.invokeTestMethod(TestInvoker.java:173)
	at org.testng.internal.MethodRunner.runInSequence(MethodRunner.java:46)
	at org.testng.internal.TestInvoker$MethodInvocationAgent.invoke(TestInvoker.java:824)
	at org.testng.internal.TestInvoker.invokeTestMethods(TestInvoker.java:146)
	at org.testng.internal.TestMethodWorker.invokeTestMethods(TestMethodWorker.java:146)
	at org.testng.internal.TestMethodWorker.run(TestMethodWorker.java:128)
	at java.base/java.util.ArrayList.forEach(ArrayList.java:1511)
	at org.testng.TestRunner.privateRun(TestRunner.java:794)
	at org.testng.TestRunner.run(TestRunner.java:596)
	at org.testng.SuiteRunner.runTest(SuiteRunner.java:377)
	at org.testng.SuiteRunner.runSequentially(SuiteRunner.java:371)
	at org.testng.SuiteRunner.privateRun(SuiteRunner.java:332)
	at org.testng.SuiteRunner.run(SuiteRunner.java:276)
	at org.testng.SuiteRunnerWorker.runSuite(SuiteRunnerWorker.java:53)
	at org.testng.SuiteRunnerWorker.run(SuiteRunnerWorker.java:96)
	at org.testng.TestNG.runSuitesSequentially(TestNG.java:1212)
	at org.testng.TestNG.runSuitesLocally(TestNG.java:1134)
	at org.testng.TestNG.runSuites(TestNG.java:1063)
	at org.testng.TestNG.run(TestNG.java:1031)
	at org.testng.remote.AbstractRemoteTestNG.run(AbstractRemoteTestNG.java:115)
	at org.testng.remote.RemoteTestNG.initAndRun(RemoteTestNG.java:251)
	at org.testng.remote.RemoteTestNG.main(RemoteTestNG.java:77)
</pre></div></td>
<td>0</td>
<td>Atmosol.LoginTest@16d04d3d</td></tr>
</table><p>
<table width='100%' border='1' class='invocation-passed'>
<tr><td colspan='4' align='center'><b>PASSED TESTS</b></td></tr>
<tr><td><b>Test method</b></td>
<td width="30%"><b>Exception</b></td>
<td width="10%"><b>Time (seconds)</b></td>
<td><b>Instance</b></td>
</tr>
<tr>
<td title='Atmosol.LoginTest.CheckoutButton()'><b>CheckoutButton</b><br>Test class: Atmosol.LoginTest<br>Test method: Click on Checkout Button</td>
<td></td>
<td>0</td>
<td>Atmosol.LoginTest@16d04d3d</td></tr>
<tr>
<td title='Atmosol.LoginTest.CartNavigation()'><b>CartNavigation</b><br>Test class: Atmosol.LoginTest<br>Test method: Verification on Navigated to cart</td>
<td></td>
<td>0</td>
<td>Atmosol.LoginTest@16d04d3d</td></tr>
<tr>
<td title='Atmosol.LoginTest.PageNavigatedToProduct()'><b>PageNavigatedToProduct</b><br>Test class: Atmosol.LoginTest<br>Test method: Page Navigation to Product</td>
<td></td>
<td>0</td>
<td>Atmosol.LoginTest@16d04d3d</td></tr>
<tr>
<td title='Atmosol.LoginTest.CheckoutOverviewNavigation()'><b>CheckoutOverviewNavigation</b><br>Test class: Atmosol.LoginTest<br>Test method: Navigated CHECKOUT: OVERVIEW</td>
<td></td>
<td>0</td>
<td>Atmosol.LoginTest@16d04d3d</td></tr>
<tr>
<td title='Atmosol.LoginTest.PageMenu()'><b>PageMenu</b><br>Test class: Atmosol.LoginTest<br>Test method: ProductPageMenu</td>
<td></td>
<td>5</td>
<td>Atmosol.LoginTest@16d04d3d</td></tr>
<tr>
<td title='Atmosol.LoginTest.ShoppingCart()'><b>ShoppingCart</b><br>Test class: Atmosol.LoginTest<br>Test method: Shopping cart</td>
<td></td>
<td>0</td>
<td>Atmosol.LoginTest@16d04d3d</td></tr>
<tr>
<td title='Atmosol.LoginTest.AddToCartButton()'><b>AddToCartButton</b><br>Test class: Atmosol.LoginTest<br>Test method: Add to Cart</td>
<td></td>
<td>0</td>
<td>Atmosol.LoginTest@16d04d3d</td></tr>
<tr>
<td title='Atmosol.LoginTest.SortAllProduct()'><b>SortAllProduct</b><br>Test class: Atmosol.LoginTest<br>Test method: Sort Product From Dropdown</td>
<td></td>
<td>0</td>
<td>Atmosol.LoginTest@16d04d3d</td></tr>
<tr>
<td title='Atmosol.LoginTest.Finish()'><b>Finish</b><br>Test class: Atmosol.LoginTest<br>Test method: Process Finished</td>
<td></td>
<td>0</td>
<td>Atmosol.LoginTest@16d04d3d</td></tr>
<tr>
<td title='Atmosol.LoginTest.SauceCheckOut()'><b>SauceCheckOut</b><br>Test class: Atmosol.LoginTest<br>Test method: Sauce Product Checkout User Details<br>Parameters: standard, user, 560016.0</td>
<td></td>
<td>0</td>
<td>Atmosol.LoginTest@16d04d3d</td></tr>
<tr>
<td title='Atmosol.LoginTest.Priceformat()'><b>Priceformat</b><br>Test class: Atmosol.LoginTest<br>Test method: Checkout price format</td>
<td></td>
<td>0</td>
<td>Atmosol.LoginTest@16d04d3d</td></tr>
<tr>
<td title='Atmosol.LoginTest.PageRedirectedToSaucelab()'><b>PageRedirectedToSaucelab</b><br>Test class: Atmosol.LoginTest<br>Test method: Page Redirection to saucelabs site</td>
<td></td>
<td>0</td>
<td>Atmosol.LoginTest@16d04d3d</td></tr>
<tr>
<td title='Atmosol.LoginTest.LoginCredential()'><b>LoginCredential</b><br>Test class: Atmosol.LoginTest<br>Test method: Login<br>Parameters: standard_user, secret_sauce</td>
<td></td>
<td>20</td>
<td>Atmosol.LoginTest@16d04d3d</td></tr>
<tr>
<td title='Atmosol.LoginTest.AllPrice()'><b>AllPrice</b><br>Test class: Atmosol.LoginTest<br>Test method: List of All Price</td>
<td></td>
<td>0</td>
<td>Atmosol.LoginTest@16d04d3d</td></tr>
</table><p>
</body>
</html>